<?xml version="1.0" encoding="UTF-8"?>
<testsuite xmlns:xsi="http://www.w3.org/2001/XMLSchema-instance" xsi:noNamespaceSchemaLocation="https://maven.apache.org/surefire/maven-surefire-plugin/xsd/surefire-test-report.xsd" name="com.logmein.dms.DocumentManagementServletTest" time="1.877" tests="12" errors="0" skipped="0" failures="0">
  <properties>
[...]
</properties>
  <testcase name="moreThanOnePartWhilePost" classname="com.logmein.dms.DocumentManagementServletTest" time="0.413"/>
  <testcase name="documentIdMissingWhileGet" classname="com.logmein.dms.DocumentManagementServletTest" time="0.031"/>
  <testcase name="documentIdMissingWhilePut" classname="com.logmein.dms.DocumentManagementServletTest" time="0.043"/>
  <testcase name="moreThanOnePartWhilePut" classname="com.logmein.dms.DocumentManagementServletTest" time="0.048"/>
  <testcase name="missingPartWhilePut" classname="com.logmein.dms.DocumentManagementServletTest" time="0.088"/>
  <testcase name="missingPartWhilePost" classname="com.logmein.dms.DocumentManagementServletTest" time="0.075"/>
  <testcase name="documentNotFoundWhileDelete" classname="com.logmein.dms.DocumentManagementServletTest" time="0.512"/>
  <testcase name="documentNotFoundWhileGet" classname="com.logmein.dms.DocumentManagementServletTest" time="0.083"/>
  <testcase name="documentNotFoundWhilePut" classname="com.logmein.dms.DocumentManagementServletTest" time="0.095"/>
  <testcase name="missingFileInPartWhilePost" classname="com.logmein.dms.DocumentManagementServletTest" time="0.103"/>
  <testcase name="documentIdMissingWhileDelete" classname="com.logmein.dms.DocumentManagementServletTest" time="0.115"/>
  <testcase name="missingFileInPartWhilePut" classname="com.logmein.dms.DocumentManagementServletTest" time="0.122"/>
</testsuite>